Determining if the pthread_create exist failed with the following output:
Change Dir: /home/gdw/projects/SDDP/sddp_nuvo_app/3rdpart/glog-0.3.5/build/CMakeFiles/CMakeTmp

Run Build Command:"/usr/bin/make" "cmTC_0842c/fast"
/usr/bin/make -f CMakeFiles/cmTC_0842c.dir/build.make CMakeFiles/cmTC_0842c.dir/build
make[1]: Entering directory '/home/gdw/projects/SDDP/sddp_nuvo_app/3rdpart/glog-0.3.5/build/CMakeFiles/CMakeTmp'
Building C object CMakeFiles/cmTC_0842c.dir/CheckSymbolExists.c.o
/usr/bin/cc     -o CMakeFiles/cmTC_0842c.dir/CheckSymbolExists.c.o   -c /home/gdw/projects/SDDP/sddp_nuvo_app/3rdpart/glog-0.3.5/build/CMakeFiles/CMakeTmp/CheckSymbolExists.c
Linking C executable cmTC_0842c
/usr/bin/cmake -E cmake_link_script CMakeFiles/cmTC_0842c.dir/link.txt --verbose=1
/usr/bin/cc       CMakeFiles/cmTC_0842c.dir/CheckSymbolExists.c.o  -o cmTC_0842c -rdynamic 
CMakeFiles/cmTC_0842c.dir/CheckSymbolExists.c.o：在函数‘main’中：
CheckSymbolExists.c:(.text+0x16)：对‘pthread_create’未定义的引用
collect2: error: ld returned 1 exit status
CMakeFiles/cmTC_0842c.dir/build.make:97: recipe for target 'cmTC_0842c' failed
make[1]: *** [cmTC_0842c] Error 1
make[1]: Leaving directory '/home/gdw/projects/SDDP/sddp_nuvo_app/3rdpart/glog-0.3.5/build/CMakeFiles/CMakeTmp'
Makefile:126: recipe for target 'cmTC_0842c/fast' failed
make: *** [cmTC_0842c/fast] Error 2

File /home/gdw/projects/SDDP/sddp_nuvo_app/3rdpart/glog-0.3.5/build/CMakeFiles/CMakeTmp/CheckSymbolExists.c:
/* */
#include <pthread.h>

int main(int argc, char** argv)
{
  (void)argv;
#ifndef pthread_create
  return ((int*)(&pthread_create))[argc];
#else
  (void)argc;
  return 0;
#endif
}

Determining if the function pthread_create exists in the pthreads failed with the following output:
Change Dir: /home/gdw/projects/SDDP/sddp_nuvo_app/3rdpart/glog-0.3.5/build/CMakeFiles/CMakeTmp

Run Build Command:"/usr/bin/make" "cmTC_b6597/fast"
/usr/bin/make -f CMakeFiles/cmTC_b6597.dir/build.make CMakeFiles/cmTC_b6597.dir/build
make[1]: Entering directory '/home/gdw/projects/SDDP/sddp_nuvo_app/3rdpart/glog-0.3.5/build/CMakeFiles/CMakeTmp'
Building C object CMakeFiles/cmTC_b6597.dir/CheckFunctionExists.c.o
/usr/bin/cc    -DCHECK_FUNCTION_EXISTS=pthread_create   -o CMakeFiles/cmTC_b6597.dir/CheckFunctionExists.c.o   -c /usr/share/cmake-3.5/Modules/CheckFunctionExists.c
Linking C executable cmTC_b6597
/usr/bin/cmake -E cmake_link_script CMakeFiles/cmTC_b6597.dir/link.txt --verbose=1
/usr/bin/cc   -DCHECK_FUNCTION_EXISTS=pthread_create    CMakeFiles/cmTC_b6597.dir/CheckFunctionExists.c.o  -o cmTC_b6597 -rdynamic -lpthreads 
/usr/bin/ld: 找不到 -lpthreads
collect2: error: ld returned 1 exit status
CMakeFiles/cmTC_b6597.dir/build.make:97: recipe for target 'cmTC_b6597' failed
make[1]: *** [cmTC_b6597] Error 1
make[1]: Leaving directory '/home/gdw/projects/SDDP/sddp_nuvo_app/3rdpart/glog-0.3.5/build/CMakeFiles/CMakeTmp'
Makefile:126: recipe for target 'cmTC_b6597/fast' failed
make: *** [cmTC_b6597/fast] Error 2


Determining if the include file libunwind.h exists failed with the following output:
Change Dir: /home/gdw/projects/SDDP/sddp_nuvo_app/3rdpart/glog-0.3.5/build/CMakeFiles/CMakeTmp

Run Build Command:"/usr/bin/make" "cmTC_c92a0/fast"
/usr/bin/make -f CMakeFiles/cmTC_c92a0.dir/build.make CMakeFiles/cmTC_c92a0.dir/build
make[1]: Entering directory '/home/gdw/projects/SDDP/sddp_nuvo_app/3rdpart/glog-0.3.5/build/CMakeFiles/CMakeTmp'
Building C object CMakeFiles/cmTC_c92a0.dir/CheckIncludeFile.c.o
/usr/bin/cc     -o CMakeFiles/cmTC_c92a0.dir/CheckIncludeFile.c.o   -c /home/gdw/projects/SDDP/sddp_nuvo_app/3rdpart/glog-0.3.5/build/CMakeFiles/CMakeTmp/CheckIncludeFile.c
/home/gdw/projects/SDDP/sddp_nuvo_app/3rdpart/glog-0.3.5/build/CMakeFiles/CMakeTmp/CheckIncludeFile.c:1:23: fatal error: libunwind.h: 没有那个文件或目录
compilation terminated.
CMakeFiles/cmTC_c92a0.dir/build.make:65: recipe for target 'CMakeFiles/cmTC_c92a0.dir/CheckIncludeFile.c.o' failed
make[1]: *** [CMakeFiles/cmTC_c92a0.dir/CheckIncludeFile.c.o] Error 1
make[1]: Leaving directory '/home/gdw/projects/SDDP/sddp_nuvo_app/3rdpart/glog-0.3.5/build/CMakeFiles/CMakeTmp'
Makefile:126: recipe for target 'cmTC_c92a0/fast' failed
make: *** [cmTC_c92a0/fast] Error 2


Determining if the include file unordered_map exists failed with the following output:
Change Dir: /home/gdw/projects/SDDP/sddp_nuvo_app/3rdpart/glog-0.3.5/build/CMakeFiles/CMakeTmp

Run Build Command:"/usr/bin/make" "cmTC_0a8ae/fast"
/usr/bin/make -f CMakeFiles/cmTC_0a8ae.dir/build.make CMakeFiles/cmTC_0a8ae.dir/build
make[1]: Entering directory '/home/gdw/projects/SDDP/sddp_nuvo_app/3rdpart/glog-0.3.5/build/CMakeFiles/CMakeTmp'
Building CXX object CMakeFiles/cmTC_0a8ae.dir/CheckIncludeFile.cxx.o
/usr/bin/c++      -o CMakeFiles/cmTC_0a8ae.dir/CheckIncludeFile.cxx.o -c /home/gdw/projects/SDDP/sddp_nuvo_app/3rdpart/glog-0.3.5/build/CMakeFiles/CMakeTmp/CheckIncludeFile.cxx
In file included from /usr/include/c++/5/unordered_map:35:0,
                 from /home/gdw/projects/SDDP/sddp_nuvo_app/3rdpart/glog-0.3.5/build/CMakeFiles/CMakeTmp/CheckIncludeFile.cxx:1:
/usr/include/c++/5/bits/c++0x_warning.h:32:2: error: #error This file requires compiler and library support for the ISO C++ 2011 standard. This support must be enabled with the -std=c++11 or -std=gnu++11 compiler options.
 #error This file requires compiler and library support \
  ^
CMakeFiles/cmTC_0a8ae.dir/build.make:65: recipe for target 'CMakeFiles/cmTC_0a8ae.dir/CheckIncludeFile.cxx.o' failed
make[1]: *** [CMakeFiles/cmTC_0a8ae.dir/CheckIncludeFile.cxx.o] Error 1
make[1]: Leaving directory '/home/gdw/projects/SDDP/sddp_nuvo_app/3rdpart/glog-0.3.5/build/CMakeFiles/CMakeTmp'
Makefile:126: recipe for target 'cmTC_0a8ae/fast' failed
make: *** [cmTC_0a8ae/fast] Error 2


Determining if the include file unordered_set exists failed with the following output:
Change Dir: /home/gdw/projects/SDDP/sddp_nuvo_app/3rdpart/glog-0.3.5/build/CMakeFiles/CMakeTmp

Run Build Command:"/usr/bin/make" "cmTC_bfe53/fast"
/usr/bin/make -f CMakeFiles/cmTC_bfe53.dir/build.make CMakeFiles/cmTC_bfe53.dir/build
make[1]: Entering directory '/home/gdw/projects/SDDP/sddp_nuvo_app/3rdpart/glog-0.3.5/build/CMakeFiles/CMakeTmp'
Building CXX object CMakeFiles/cmTC_bfe53.dir/CheckIncludeFile.cxx.o
/usr/bin/c++      -o CMakeFiles/cmTC_bfe53.dir/CheckIncludeFile.cxx.o -c /home/gdw/projects/SDDP/sddp_nuvo_app/3rdpart/glog-0.3.5/build/CMakeFiles/CMakeTmp/CheckIncludeFile.cxx
In file included from /usr/include/c++/5/unordered_set:35:0,
                 from /home/gdw/projects/SDDP/sddp_nuvo_app/3rdpart/glog-0.3.5/build/CMakeFiles/CMakeTmp/CheckIncludeFile.cxx:1:
/usr/include/c++/5/bits/c++0x_warning.h:32:2: error: #error This file requires compiler and library support for the ISO C++ 2011 standard. This support must be enabled with the -std=c++11 or -std=gnu++11 compiler options.
 #error This file requires compiler and library support \
  ^
CMakeFiles/cmTC_bfe53.dir/build.make:65: recipe for target 'CMakeFiles/cmTC_bfe53.dir/CheckIncludeFile.cxx.o' failed
make[1]: *** [CMakeFiles/cmTC_bfe53.dir/CheckIncludeFile.cxx.o] Error 1
make[1]: Leaving directory '/home/gdw/projects/SDDP/sddp_nuvo_app/3rdpart/glog-0.3.5/build/CMakeFiles/CMakeTmp'
Makefile:126: recipe for target 'cmTC_bfe53/fast' failed
make: *** [cmTC_bfe53/fast] Error 2


Determining size of unsigned __int16 failed with the following output:
Change Dir: /home/gdw/projects/SDDP/sddp_nuvo_app/3rdpart/glog-0.3.5/build/CMakeFiles/CMakeTmp

Run Build Command:"/usr/bin/make" "cmTC_19515/fast"
/usr/bin/make -f CMakeFiles/cmTC_19515.dir/build.make CMakeFiles/cmTC_19515.dir/build
make[1]: Entering directory '/home/gdw/projects/SDDP/sddp_nuvo_app/3rdpart/glog-0.3.5/build/CMakeFiles/CMakeTmp'
Building C object CMakeFiles/cmTC_19515.dir/HAVE___UINT16.c.o
/usr/bin/cc     -o CMakeFiles/cmTC_19515.dir/HAVE___UINT16.c.o   -c /home/gdw/projects/SDDP/sddp_nuvo_app/3rdpart/glog-0.3.5/build/CMakeFiles/CheckTypeSize/HAVE___UINT16.c
/home/gdw/projects/SDDP/sddp_nuvo_app/3rdpart/glog-0.3.5/build/CMakeFiles/CheckTypeSize/HAVE___UINT16.c:17:31: error: expected ‘)’ before ‘__int16’
 #define SIZE (sizeof(unsigned __int16))
                               ^
/home/gdw/projects/SDDP/sddp_nuvo_app/3rdpart/glog-0.3.5/build/CMakeFiles/CheckTypeSize/HAVE___UINT16.c:19:12: note: in expansion of macro ‘SIZE’
   ('0' + ((SIZE / 10000)%10)),
            ^
/home/gdw/projects/SDDP/sddp_nuvo_app/3rdpart/glog-0.3.5/build/CMakeFiles/CheckTypeSize/HAVE___UINT16.c:17:31: error: expected ‘)’ before ‘__int16’
 #define SIZE (sizeof(unsigned __int16))
                               ^
/home/gdw/projects/SDDP/sddp_nuvo_app/3rdpart/glog-0.3.5/build/CMakeFiles/CheckTypeSize/HAVE___UINT16.c:20:12: note: in expansion of macro ‘SIZE’
   ('0' + ((SIZE / 1000)%10)),
            ^
/home/gdw/projects/SDDP/sddp_nuvo_app/3rdpart/glog-0.3.5/build/CMakeFiles/CheckTypeSize/HAVE___UINT16.c:17:31: error: expected ‘)’ before ‘__int16’
 #define SIZE (sizeof(unsigned __int16))
                               ^
/home/gdw/projects/SDDP/sddp_nuvo_app/3rdpart/glog-0.3.5/build/CMakeFiles/CheckTypeSize/HAVE___UINT16.c:21:12: note: in expansion of macro ‘SIZE’
   ('0' + ((SIZE / 100)%10)),
            ^
/home/gdw/projects/SDDP/sddp_nuvo_app/3rdpart/glog-0.3.5/build/CMakeFiles/CheckTypeSize/HAVE___UINT16.c:17:31: error: expected ‘)’ before ‘__int16’
 #define SIZE (sizeof(unsigned __int16))
                               ^
/home/gdw/projects/SDDP/sddp_nuvo_app/3rdpart/glog-0.3.5/build/CMakeFiles/CheckTypeSize/HAVE___UINT16.c:22:12: note: in expansion of macro ‘SIZE’
   ('0' + ((SIZE / 10)%10)),
            ^
/home/gdw/projects/SDDP/sddp_nuvo_app/3rdpart/glog-0.3.5/build/CMakeFiles/CheckTypeSize/HAVE___UINT16.c:17:31: error: expected ‘)’ before ‘__int16’
 #define SIZE (sizeof(unsigned __int16))
                               ^
/home/gdw/projects/SDDP/sddp_nuvo_app/3rdpart/glog-0.3.5/build/CMakeFiles/CheckTypeSize/HAVE___UINT16.c:23:12: note: in expansion of macro ‘SIZE’
   ('0' +  (SIZE    % 10)),
            ^
CMakeFiles/cmTC_19515.dir/build.make:65: recipe for target 'CMakeFiles/cmTC_19515.dir/HAVE___UINT16.c.o' failed
make[1]: *** [CMakeFiles/cmTC_19515.dir/HAVE___UINT16.c.o] Error 1
make[1]: Leaving directory '/home/gdw/projects/SDDP/sddp_nuvo_app/3rdpart/glog-0.3.5/build/CMakeFiles/CMakeTmp'
Makefile:126: recipe for target 'cmTC_19515/fast' failed
make: *** [cmTC_19515/fast] Error 2

/home/gdw/projects/SDDP/sddp_nuvo_app/3rdpart/glog-0.3.5/build/CMakeFiles/CheckTypeSize/HAVE___UINT16.c:
#include <sys/types.h>
#include <stdint.h>
#include <stddef.h>


#undef KEY
#if defined(__i386)
# define KEY '_','_','i','3','8','6'
#elif defined(__x86_64)
# define KEY '_','_','x','8','6','_','6','4'
#elif defined(__ppc__)
# define KEY '_','_','p','p','c','_','_'
#elif defined(__ppc64__)
# define KEY '_','_','p','p','c','6','4','_','_'
#endif

#define SIZE (sizeof(unsigned __int16))
char info_size[] =  {'I', 'N', 'F', 'O', ':', 's','i','z','e','[',
  ('0' + ((SIZE / 10000)%10)),
  ('0' + ((SIZE / 1000)%10)),
  ('0' + ((SIZE / 100)%10)),
  ('0' + ((SIZE / 10)%10)),
  ('0' +  (SIZE    % 10)),
  ']',
#ifdef KEY
  ' ','k','e','y','[', KEY, ']',
#endif
  '\0'};

#ifdef __CLASSIC_C__
int main(argc, argv) int argc; char *argv[];
#else
int main(int argc, char *argv[])
#endif
{
  int require = 0;
  require += info_size[argc];
  (void)argv;
  return require;
}


Determining if the function dladdr exists failed with the following output:
Change Dir: /home/gdw/projects/SDDP/sddp_nuvo_app/3rdpart/glog-0.3.5/build/CMakeFiles/CMakeTmp

Run Build Command:"/usr/bin/make" "cmTC_f4b8d/fast"
/usr/bin/make -f CMakeFiles/cmTC_f4b8d.dir/build.make CMakeFiles/cmTC_f4b8d.dir/build
make[1]: Entering directory '/home/gdw/projects/SDDP/sddp_nuvo_app/3rdpart/glog-0.3.5/build/CMakeFiles/CMakeTmp'
Building C object CMakeFiles/cmTC_f4b8d.dir/CheckFunctionExists.c.o
/usr/bin/cc    -DCHECK_FUNCTION_EXISTS=dladdr   -o CMakeFiles/cmTC_f4b8d.dir/CheckFunctionExists.c.o   -c /usr/share/cmake-3.5/Modules/CheckFunctionExists.c
Linking C executable cmTC_f4b8d
/usr/bin/cmake -E cmake_link_script CMakeFiles/cmTC_f4b8d.dir/link.txt --verbose=1
/usr/bin/cc   -DCHECK_FUNCTION_EXISTS=dladdr    CMakeFiles/cmTC_f4b8d.dir/CheckFunctionExists.c.o  -o cmTC_f4b8d -rdynamic 
CMakeFiles/cmTC_f4b8d.dir/CheckFunctionExists.c.o：在函数‘main’中：
CheckFunctionExists.c:(.text+0x15)：对‘dladdr’未定义的引用
collect2: error: ld returned 1 exit status
CMakeFiles/cmTC_f4b8d.dir/build.make:97: recipe for target 'cmTC_f4b8d' failed
make[1]: *** [cmTC_f4b8d] Error 1
make[1]: Leaving directory '/home/gdw/projects/SDDP/sddp_nuvo_app/3rdpart/glog-0.3.5/build/CMakeFiles/CMakeTmp'
Makefile:126: recipe for target 'cmTC_f4b8d/fast' failed
make: *** [cmTC_f4b8d/fast] Error 2


Performing C++ SOURCE FILE Test HAVE_NO_UNNAMED_TYPE_TEMPLATE_ARGS failed with the following output:
Change Dir: /home/gdw/projects/SDDP/sddp_nuvo_app/3rdpart/glog-0.3.5/build/CMakeFiles/CMakeTmp

Run Build Command:"/usr/bin/make" "cmTC_d1ff9/fast"
/usr/bin/make -f CMakeFiles/cmTC_d1ff9.dir/build.make CMakeFiles/cmTC_d1ff9.dir/build
make[1]: Entering directory '/home/gdw/projects/SDDP/sddp_nuvo_app/3rdpart/glog-0.3.5/build/CMakeFiles/CMakeTmp'
Building CXX object CMakeFiles/cmTC_d1ff9.dir/src.cxx.o
/usr/bin/c++     -DHAVE_NO_UNNAMED_TYPE_TEMPLATE_ARGS   -Wunnamed-type-template-args -o CMakeFiles/cmTC_d1ff9.dir/src.cxx.o -c /home/gdw/projects/SDDP/sddp_nuvo_app/3rdpart/glog-0.3.5/build/CMakeFiles/CMakeTmp/src.cxx
c++: error: unrecognized command line option '-Wunnamed-type-template-args'
CMakeFiles/cmTC_d1ff9.dir/build.make:65: recipe for target 'CMakeFiles/cmTC_d1ff9.dir/src.cxx.o' failed
make[1]: *** [CMakeFiles/cmTC_d1ff9.dir/src.cxx.o] Error 1
make[1]: Leaving directory '/home/gdw/projects/SDDP/sddp_nuvo_app/3rdpart/glog-0.3.5/build/CMakeFiles/CMakeTmp'
Makefile:126: recipe for target 'cmTC_d1ff9/fast' failed
make: *** [cmTC_d1ff9/fast] Error 2

Source file was:
int main() { return 0; }
Determining if the function get_static_proc_name exists in the unwind failed with the following output:
Change Dir: /home/gdw/projects/SDDP/sddp_nuvo_app/3rdpart/glog-0.3.5/build/CMakeFiles/CMakeTmp

Run Build Command:"/usr/bin/make" "cmTC_5a4a7/fast"
/usr/bin/make -f CMakeFiles/cmTC_5a4a7.dir/build.make CMakeFiles/cmTC_5a4a7.dir/build
make[1]: Entering directory '/home/gdw/projects/SDDP/sddp_nuvo_app/3rdpart/glog-0.3.5/build/CMakeFiles/CMakeTmp'
Building C object CMakeFiles/cmTC_5a4a7.dir/CheckFunctionExists.c.o
/usr/bin/cc    -DCHECK_FUNCTION_EXISTS=get_static_proc_name   -o CMakeFiles/cmTC_5a4a7.dir/CheckFunctionExists.c.o   -c /usr/share/cmake-3.5/Modules/CheckFunctionExists.c
Linking C executable cmTC_5a4a7
/usr/bin/cmake -E cmake_link_script CMakeFiles/cmTC_5a4a7.dir/link.txt --verbose=1
/usr/bin/cc   -DCHECK_FUNCTION_EXISTS=get_static_proc_name    CMakeFiles/cmTC_5a4a7.dir/CheckFunctionExists.c.o  -o cmTC_5a4a7 -rdynamic -lunwind 
/usr/bin/ld: 找不到 -lunwind
collect2: error: ld returned 1 exit status
CMakeFiles/cmTC_5a4a7.dir/build.make:97: recipe for target 'cmTC_5a4a7' failed
make[1]: *** [cmTC_5a4a7] Error 1
make[1]: Leaving directory '/home/gdw/projects/SDDP/sddp_nuvo_app/3rdpart/glog-0.3.5/build/CMakeFiles/CMakeTmp'
Makefile:126: recipe for target 'cmTC_5a4a7/fast' failed
make: *** [cmTC_5a4a7/fast] Error 2


Performing C SOURCE FILE Test HAVE_RWLOCK failed with the following output:
Change Dir: /home/gdw/projects/SDDP/sddp_nuvo_app/3rdpart/glog-0.3.5/build/CMakeFiles/CMakeTmp

Run Build Command:"/usr/bin/make" "cmTC_df1ec/fast"
/usr/bin/make -f CMakeFiles/cmTC_df1ec.dir/build.make CMakeFiles/cmTC_df1ec.dir/build
make[1]: Entering directory '/home/gdw/projects/SDDP/sddp_nuvo_app/3rdpart/glog-0.3.5/build/CMakeFiles/CMakeTmp'
Building C object CMakeFiles/cmTC_df1ec.dir/src.c.o
/usr/bin/cc    -DHAVE_RWLOCK   -o CMakeFiles/cmTC_df1ec.dir/src.c.o   -c /home/gdw/projects/SDDP/sddp_nuvo_app/3rdpart/glog-0.3.5/build/CMakeFiles/CMakeTmp/src.c
Linking C executable cmTC_df1ec
/usr/bin/cmake -E cmake_link_script CMakeFiles/cmTC_df1ec.dir/link.txt --verbose=1
/usr/bin/cc   -DHAVE_RWLOCK    CMakeFiles/cmTC_df1ec.dir/src.c.o  -o cmTC_df1ec -rdynamic 
CMakeFiles/cmTC_df1ec.dir/src.c.o：在函数‘main’中：
src.c:(.text+0x24)：对‘pthread_rwlock_init’未定义的引用
src.c:(.text+0x30)：对‘pthread_rwlock_rdlock’未定义的引用
collect2: error: ld returned 1 exit status
CMakeFiles/cmTC_df1ec.dir/build.make:97: recipe for target 'cmTC_df1ec' failed
make[1]: *** [cmTC_df1ec] Error 1
make[1]: Leaving directory '/home/gdw/projects/SDDP/sddp_nuvo_app/3rdpart/glog-0.3.5/build/CMakeFiles/CMakeTmp'
Makefile:126: recipe for target 'cmTC_df1ec/fast' failed
make: *** [cmTC_df1ec/fast] Error 2

Source file was:

#define _XOPEN_SOURCE 500
#include <pthread.h>
int main(void)
{
  pthread_rwlock_t l;
  pthread_rwlock_init(&l, NULL);
  pthread_rwlock_rdlock(&l);
  return 0;
}

Performing C SOURCE FILE Test HAVE___DECLSPEC failed with the following output:
Change Dir: /home/gdw/projects/SDDP/sddp_nuvo_app/3rdpart/glog-0.3.5/build/CMakeFiles/CMakeTmp

Run Build Command:"/usr/bin/make" "cmTC_85c44/fast"
/usr/bin/make -f CMakeFiles/cmTC_85c44.dir/build.make CMakeFiles/cmTC_85c44.dir/build
make[1]: Entering directory '/home/gdw/projects/SDDP/sddp_nuvo_app/3rdpart/glog-0.3.5/build/CMakeFiles/CMakeTmp'
Building C object CMakeFiles/cmTC_85c44.dir/src.c.o
/usr/bin/cc    -DHAVE___DECLSPEC   -o CMakeFiles/cmTC_85c44.dir/src.c.o   -c /home/gdw/projects/SDDP/sddp_nuvo_app/3rdpart/glog-0.3.5/build/CMakeFiles/CMakeTmp/src.c
/home/gdw/projects/SDDP/sddp_nuvo_app/3rdpart/glog-0.3.5/build/CMakeFiles/CMakeTmp/src.c:2:1: warning: return type defaults to ‘int’ [-Wimplicit-int]
 __declspec(selectany) int a;
 ^
/home/gdw/projects/SDDP/sddp_nuvo_app/3rdpart/glog-0.3.5/build/CMakeFiles/CMakeTmp/src.c: In function ‘__declspec’:
/home/gdw/projects/SDDP/sddp_nuvo_app/3rdpart/glog-0.3.5/build/CMakeFiles/CMakeTmp/src.c:3:16: error: expected ‘=’, ‘,’, ‘;’, ‘asm’ or ‘__attribute__’ before ‘{’ token
 int main(void) { return 0; }
                ^
/home/gdw/projects/SDDP/sddp_nuvo_app/3rdpart/glog-0.3.5/build/CMakeFiles/CMakeTmp/src.c:2:1: warning: type of ‘selectany’ defaults to ‘int’ [-Wimplicit-int]
 __declspec(selectany) int a;
 ^
/home/gdw/projects/SDDP/sddp_nuvo_app/3rdpart/glog-0.3.5/build/CMakeFiles/CMakeTmp/src.c:2:27: error: declaration for parameter ‘a’ but no such parameter
 __declspec(selectany) int a;
                           ^
/home/gdw/projects/SDDP/sddp_nuvo_app/3rdpart/glog-0.3.5/build/CMakeFiles/CMakeTmp/src.c:3:16: error: expected ‘{’ at end of input
 int main(void) { return 0; }
                ^
CMakeFiles/cmTC_85c44.dir/build.make:65: recipe for target 'CMakeFiles/cmTC_85c44.dir/src.c.o' failed
make[1]: *** [CMakeFiles/cmTC_85c44.dir/src.c.o] Error 1
make[1]: Leaving directory '/home/gdw/projects/SDDP/sddp_nuvo_app/3rdpart/glog-0.3.5/build/CMakeFiles/CMakeTmp'
Makefile:126: recipe for target 'cmTC_85c44/fast' failed
make: *** [cmTC_85c44/fast] Error 2

Source file was:

__declspec(selectany) int a;
int main(void) { return 0; }

Performing C++ SOURCE FILE Test STL_NO_NAMESPACE failed with the following output:
Change Dir: /home/gdw/projects/SDDP/sddp_nuvo_app/3rdpart/glog-0.3.5/build/CMakeFiles/CMakeTmp

Run Build Command:"/usr/bin/make" "cmTC_67e14/fast"
/usr/bin/make -f CMakeFiles/cmTC_67e14.dir/build.make CMakeFiles/cmTC_67e14.dir/build
make[1]: Entering directory '/home/gdw/projects/SDDP/sddp_nuvo_app/3rdpart/glog-0.3.5/build/CMakeFiles/CMakeTmp'
Building CXX object CMakeFiles/cmTC_67e14.dir/src.cxx.o
/usr/bin/c++     -DSTL_NO_NAMESPACE   -o CMakeFiles/cmTC_67e14.dir/src.cxx.o -c /home/gdw/projects/SDDP/sddp_nuvo_app/3rdpart/glog-0.3.5/build/CMakeFiles/CMakeTmp/src.cxx
/home/gdw/projects/SDDP/sddp_nuvo_app/3rdpart/glog-0.3.5/build/CMakeFiles/CMakeTmp/src.cxx:3:1: error: ‘vector’ does not name a type
 vector<int> t; int main() { }
 ^
CMakeFiles/cmTC_67e14.dir/build.make:65: recipe for target 'CMakeFiles/cmTC_67e14.dir/src.cxx.o' failed
make[1]: *** [CMakeFiles/cmTC_67e14.dir/src.cxx.o] Error 1
make[1]: Leaving directory '/home/gdw/projects/SDDP/sddp_nuvo_app/3rdpart/glog-0.3.5/build/CMakeFiles/CMakeTmp'
Makefile:126: recipe for target 'cmTC_67e14/fast' failed
make: *** [cmTC_67e14/fast] Error 2

Source file was:

#include <vector>
vector<int> t; int main() { }

